[debug] [2025-04-08T18:05:58.584Z] ----------------------------------------------------------------------
[debug] [2025-04-08T18:05:58.594Z] Command:       C:\Program Files\nodejs\node.exe C:\Users\Aliya\AppData\Roaming\npm\node_modules\firebase-tools\lib\bin\firebase.js serve --only hosting
[debug] [2025-04-08T18:05:58.595Z] CLI Version:   13.31.1
[debug] [2025-04-08T18:05:58.595Z] Platform:      win32
[debug] [2025-04-08T18:05:58.595Z] Node Version:  v22.14.0
[debug] [2025-04-08T18:05:58.596Z] Time:          Tue Apr 08 2025 21:05:58 GMT+0300 (Arabian Standard Time)
[debug] [2025-04-08T18:05:58.596Z] ----------------------------------------------------------------------
[debug] 
[debug] [2025-04-08T18:05:58.948Z] > command requires scopes: ["email","openid","https://www.googleapis.com/auth/cloudplatformprojects.readonly","https://www.googleapis.com/auth/firebase","https://www.googleapis.com/auth/cloud-platform"]
[debug] [2025-04-08T18:05:58.949Z] > authorizing via signed-in user (dev.aalifyx@gmail.com)
[debug] [2025-04-08T18:05:58.949Z] [iam] checking project progrify--x for permissions ["firebase.projects.get"]
[debug] [2025-04-08T18:05:58.950Z] Checked if tokens are valid: true, expires at: 1744138133079
[debug] [2025-04-08T18:05:58.950Z] Checked if tokens are valid: true, expires at: 1744138133079
[debug] [2025-04-08T18:05:58.951Z] >>> [apiv2][query] POST https://cloudresourcemanager.googleapis.com/v1/projects/progrify--x:testIamPermissions [none]
[debug] [2025-04-08T18:05:58.951Z] >>> [apiv2][(partial)header] POST https://cloudresourcemanager.googleapis.com/v1/projects/progrify--x:testIamPermissions x-goog-quota-user=projects/progrify--x
[debug] [2025-04-08T18:05:58.951Z] >>> [apiv2][body] POST https://cloudresourcemanager.googleapis.com/v1/projects/progrify--x:testIamPermissions {"permissions":["firebase.projects.get"]}
[debug] [2025-04-08T18:06:00.409Z] <<< [apiv2][status] POST https://cloudresourcemanager.googleapis.com/v1/projects/progrify--x:testIamPermissions 200
[debug] [2025-04-08T18:06:00.410Z] <<< [apiv2][body] POST https://cloudresourcemanager.googleapis.com/v1/projects/progrify--x:testIamPermissions {"permissions":["firebase.projects.get"]}
[debug] [2025-04-08T18:06:00.410Z] Checked if tokens are valid: true, expires at: 1744138133079
[debug] [2025-04-08T18:06:00.410Z] Checked if tokens are valid: true, expires at: 1744138133079
[debug] [2025-04-08T18:06:00.410Z] >>> [apiv2][query] GET https://cloudresourcemanager.googleapis.com/v1/projects/progrify--x [none]
[debug] [2025-04-08T18:06:00.730Z] <<< [apiv2][status] GET https://cloudresourcemanager.googleapis.com/v1/projects/progrify--x 200
[debug] [2025-04-08T18:06:00.730Z] <<< [apiv2][body] GET https://cloudresourcemanager.googleapis.com/v1/projects/progrify--x {"projectNumber":"237892326338","projectId":"progrify--x","lifecycleState":"DELETE_REQUESTED","name":"progrify  x","labels":{"firebase":"enabled","firebase-core":"disabled"},"createTime":"2025-02-16T11:19:12.893201Z"}
[debug] [2025-04-08T18:06:00.732Z] Checked if tokens are valid: true, expires at: 1744138133079
[debug] [2025-04-08T18:06:00.732Z] Checked if tokens are valid: true, expires at: 1744138133079
[debug] [2025-04-08T18:06:00.732Z] >>> [apiv2][query] GET https://firebasehosting.googleapis.com/v1beta1/projects/progrify--x/sites 
[debug] [2025-04-08T18:06:02.379Z] <<< [apiv2][status] GET https://firebasehosting.googleapis.com/v1beta1/projects/progrify--x/sites 409
[debug] [2025-04-08T18:06:02.379Z] <<< [apiv2][body] GET https://firebasehosting.googleapis.com/v1beta1/projects/progrify--x/sites {"error":{"code":409,"message":"Channel `projects/237892326338/sites/progrify--x/channels/live` already exists.","status":"ALREADY_EXISTS"}}
[debug] [2025-04-08T18:06:02.380Z] Failed to list hosting sites
[debug] Request to https://firebasehosting.googleapis.com/v1beta1/projects/progrify--x/sites had HTTP Error: 409, Channel `projects/237892326338/sites/progrify--x/channels/live` already exists.
[debug] [2025-04-08T18:06:02.381Z] Checked if tokens are valid: true, expires at: 1744138133079
[debug] [2025-04-08T18:06:02.381Z] Checked if tokens are valid: true, expires at: 1744138133079
[debug] [2025-04-08T18:06:02.381Z] >>> [apiv2][query] GET https://firebase.googleapis.com/v1beta1/projects/progrify--x/webApps/-/config [none]
[debug] [2025-04-08T18:06:03.215Z] <<< [apiv2][status] GET https://firebase.googleapis.com/v1beta1/projects/progrify--x/webApps/-/config 403
[debug] [2025-04-08T18:06:03.215Z] <<< [apiv2][body] GET https://firebase.googleapis.com/v1beta1/projects/progrify--x/webApps/-/config {"error":{"code":403,"message":"com.google.api.tenant.error.TenantManagerException: Project '237892326338' not found or permission denied.","status":"PERMISSION_DENIED"}}
[debug] [2025-04-08T18:06:03.216Z] fetchWebSetup error: FirebaseError: Request to https://firebase.googleapis.com/v1beta1/projects/progrify--x/webApps/-/config had HTTP Error: 403, com.google.api.tenant.error.TenantManagerException: Project '237892326338' not found or permission denied.
[warn] !  hosting: Authentication error when trying to fetch your current web app configuration, have you run firebase login? 
[warn] !  hosting: Using web app configuration from cache. 
[debug] [2025-04-08T18:06:03.219Z] Checked if tokens are valid: true, expires at: 1744138133079
[debug] [2025-04-08T18:06:03.219Z] Checked if tokens are valid: true, expires at: 1744138133079
[debug] [2025-04-08T18:06:03.220Z] >>> [apiv2][query] GET https://firebase.googleapis.com/v1beta1/projects/progrify--x [none]
[debug] [2025-04-08T18:06:03.592Z] <<< [apiv2][status] GET https://firebase.googleapis.com/v1beta1/projects/progrify--x 200
[debug] [2025-04-08T18:06:03.592Z] <<< [apiv2][body] GET https://firebase.googleapis.com/v1beta1/projects/progrify--x {"projectId":"progrify--x","projectNumber":"237892326338","displayName":"progrify  x","name":"projects/progrify--x","resources":{"hostingSite":"progrify--x"},"state":"DELETED","etag":"1_b9209e9b-f644-4442-a6ea-218c4f33b070"}
[debug] [2025-04-08T18:06:03.593Z] Specified "public" directory "dist" does not exist; Deploy to Hosting site "progrify--x" may fail or be empty.
[info] i  hosting[progrify--x]: Serving hosting files from: dist {"metadata":{"emulator":{"name":"hosting"},"message":"Serving hosting files from: \u001b[1mdist\u001b[22m"}}
[info] +  hosting[progrify--x]: Local server: http://localhost:5000 {"metadata":{"emulator":{"name":"hosting"},"message":"Local server: \u001b[4m\u001b[1mhttp://localhost:5000\u001b[22m\u001b[24m"}}
[info] i  hosting: ::1 - - [08/Apr/2025:18:06:05 +0000] "GET / HTTP/1.1" 404 139 "-" "Mozilla/5.0 (Windows NT 10.0; Win64; x64) AppleWebKit/537.36 (KHTML, like Gecko) Chrome/134.0.0.0 Safari/537.36" {"metadata":{"emulator":{"name":"hosting"},"message":"::1 - - [08/Apr/2025:18:06:05 +0000] \"GET / HTTP/1.1\" 404 139 \"-\" \"Mozilla/5.0 (Windows NT 10.0; Win64; x64) AppleWebKit/537.36 (KHTML, like Gecko) Chrome/134.0.0.0 Safari/537.36\""}}
